This file contains any messages produced by compilers while
running configure, to aid debugging if configure makes a mistake.

It was created by ibus-table-others configure 1.3.0.20100907, which was
generated by GNU Autoconf 2.65.  Invocation command line was

  $ ./configure --enable-maintainer-mode

## --------- ##
## Platform. ##
## --------- ##

hostname = dhcp1-6.pnq.redhat.com
uname -m = x86_64
uname -r = 2.6.34.6-47.fc13.x86_64
uname -s = Linux
uname -v = #1 SMP Fri Aug 27 08:56:01 UTC 2010

/usr/bin/uname -p = unknown
/bin/uname -X     = unknown

/bin/arch              = x86_64
/usr/bin/arch -k       = unknown
/usr/convex/getsysinfo = unknown
/usr/bin/hostinfo      = unknown
/bin/machine           = unknown
/usr/bin/oslevel       = unknown
/bin/universe          = unknown

PATH: /usr/lib64/qt-3.3/bin
PATH: /usr/lib64/mpich2/bin
PATH: /usr/kerberos/sbin
PATH: /usr/kerberos/bin
PATH: /usr/lib64/ccache
PATH: /usr/local/bin
PATH: /usr/bin
PATH: /bin
PATH: /usr/local/sbin
PATH: /usr/sbin
PATH: /sbin
PATH: /home/nkumar/bin


## ----------- ##
## Core tests. ##
## ----------- ##

configure:1795: checking for a BSD-compatible install
configure:1863: result: /usr/bin/install -c
configure:1874: checking whether build environment is sane
configure:1924: result: yes
configure:2065: checking for a thread-safe mkdir -p
configure:2104: result: /bin/mkdir -p
configure:2117: checking for gawk
configure:2133: found /usr/bin/gawk
configure:2144: result: gawk
configure:2155: checking whether make sets $(MAKE)
configure:2177: result: yes
configure:2258: checking whether to enable maintainer-specific portions of Makefiles
configure:2267: result: yes
configure:2316: checking for a Python interpreter with version >= 2.5
configure:2333: python -c import sys # split strings by '.' and convert to numeric. Append some zeros # because we need at least 4 digits for the hex conversion. # map returns an iterator in Python 3.0 and a list in 2.x minver = list(map(int, '2.5'.split('.'))) + [0, 0, 0] minverhex = 0 # xrange is not present in Python 3.0 and range returns an iterator for i in list(range(0, 4)): minverhex = (minverhex << 8) + minver[i] sys.exit(sys.hexversion < minverhex)
configure:2336: $? = 0
configure:2342: result: python
configure:2350: checking for python
configure:2368: found /usr/bin/python
configure:2380: result: /usr/bin/python
configure:2398: checking for python version
configure:2405: result: 2.6
configure:2417: checking for python platform
configure:2424: result: linux2
configure:2431: checking for python script directory
configure:2460: result: ${prefix}/lib/python2.6/site-packages
configure:2469: checking for python extension module directory
configure:2498: result: ${exec_prefix}/lib64/python2.6/site-packages
configure:2562: checking for pkg-config
configure:2580: found /usr/bin/pkg-config
configure:2592: result: /usr/bin/pkg-config
configure:2617: checking pkg-config is at least version 0.9.0
configure:2620: result: yes
configure:2631: checking for IBUS_TABLE
configure:2638: $PKG_CONFIG --exists --print-errors "ibus-table >= 1.2.0"
configure:2641: $? = 0
configure:2654: $PKG_CONFIG --exists --print-errors "ibus-table >= 1.2.0"
configure:2657: $? = 0
configure:2711: result: yes
configure:2719: checking for ibus-table-createdb
configure:2737: found /usr/local/bin/ibus-table-createdb
configure:2750: result: /usr/local/bin/ibus-table-createdb
configure:3159: creating ./config.status

## ---------------------- ##
## Running config.status. ##
## ---------------------- ##

This file was extended by ibus-table-others config.status 1.3.0.20100907, which was
generated by GNU Autoconf 2.65.  Invocation command line was

  CONFIG_FILES    = 
  CONFIG_HEADERS  = 
  CONFIG_LINKS    = 
  CONFIG_COMMANDS = 
  $ ./config.status 

on dhcp1-6.pnq.redhat.com

config.status:787: creating Makefile
config.status:787: creating icons/Makefile
config.status:787: creating tables/Makefile
config.status:787: creating m4/Makefile
config.status:787: creating emoji-src/Makefile
config.status:787: creating ibus-table-others.spec
configure:4194: result:
Build options:
  Version                   1.3.0.20100907
  Install prefix            /usr/local
  Build compose             yes
  Build ipx-a-sampa         yes
  Build Translit            yes
  Build Ukrainian Translit  yes
  Build Russian Traditional yes
  Build Yawerty             yes
  Build Thai                yes
  Build Viqr                yes
  Build Latex               yes
  Build CNS11643            yes
  Build Emoji               yes
  Build Mathwriter          yes


## ---------------- ##
## Cache variables. ##
## ---------------- ##

ac_cv_env_IBUS_TABLE_CFLAGS_set=
ac_cv_env_IBUS_TABLE_CFLAGS_value=
ac_cv_env_IBUS_TABLE_CREATEDB_set=
ac_cv_env_IBUS_TABLE_CREATEDB_value=
ac_cv_env_IBUS_TABLE_LIBS_set=
ac_cv_env_IBUS_TABLE_LIBS_value=
ac_cv_env_PKG_CONFIG_set=
ac_cv_env_PKG_CONFIG_value=
ac_cv_env_build_alias_set=
ac_cv_env_build_alias_value=
ac_cv_env_host_alias_set=
ac_cv_env_host_alias_value=
ac_cv_env_target_alias_set=
ac_cv_env_target_alias_value=
ac_cv_path_IBUS_TABLE_CREATEDB=/usr/local/bin/ibus-table-createdb
ac_cv_path_PYTHON=/usr/bin/python
ac_cv_path_ac_pt_PKG_CONFIG=/usr/bin/pkg-config
ac_cv_path_install='/usr/bin/install -c'
ac_cv_path_mkdir=/bin/mkdir
ac_cv_prog_AWK=gawk
ac_cv_prog_make_make_set=yes
am_cv_pathless_PYTHON=python
am_cv_python_platform=linux2
am_cv_python_pyexecdir='${exec_prefix}/lib64/python2.6/site-packages'
am_cv_python_pythondir='${prefix}/lib/python2.6/site-packages'
am_cv_python_version=2.6
pkg_cv_IBUS_TABLE_CFLAGS=' '
pkg_cv_IBUS_TABLE_LIBS=' '

## ----------------- ##
## Output variables. ##
## ----------------- ##

ACLOCAL='${SHELL} /home/nkumar/pkgfrmgit/ibus-table-others/missing --run aclocal-1.11'
AMTAR='${SHELL} /home/nkumar/pkgfrmgit/ibus-table-others/missing --run tar'
AUTOCONF='${SHELL} /home/nkumar/pkgfrmgit/ibus-table-others/missing --run autoconf'
AUTOHEADER='${SHELL} /home/nkumar/pkgfrmgit/ibus-table-others/missing --run autoheader'
AUTOMAKE='${SHELL} /home/nkumar/pkgfrmgit/ibus-table-others/missing --run automake-1.11'
AWK='gawk'
CYGPATH_W='echo'
DEFS='-DPACKAGE_NAME=\"ibus-table-others\" -DPACKAGE_TARNAME=\"ibus-table-others\" -DPACKAGE_VERSION=\"1.3.0.20100907\" -DPACKAGE_STRING=\"ibus-table-others\ 1.3.0.20100907\" -DPACKAGE_BUGREPORT=\"http://code.google.com/p/ibus/issues/entry\" -DPACKAGE_URL=\"\" -DPACKAGE=\"ibus-table-others\" -DVERSION=\"1.3.0.20100907\"'
ECHO_C=''
ECHO_N='-n'
ECHO_T=''
IBUS_TABLE_BUILD_CNS11643_FALSE='#'
IBUS_TABLE_BUILD_CNS11643_TRUE=''
IBUS_TABLE_BUILD_COMPOSE_FALSE='#'
IBUS_TABLE_BUILD_COMPOSE_TRUE=''
IBUS_TABLE_BUILD_EMOJI_FALSE='#'
IBUS_TABLE_BUILD_EMOJI_TRUE=''
IBUS_TABLE_BUILD_IPAXSAMPA_FALSE='#'
IBUS_TABLE_BUILD_IPAXSAMPA_TRUE=''
IBUS_TABLE_BUILD_LATEX_FALSE='#'
IBUS_TABLE_BUILD_LATEX_TRUE=''
IBUS_TABLE_BUILD_MATHWRITER_FALSE='#'
IBUS_TABLE_BUILD_MATHWRITER_TRUE=''
IBUS_TABLE_BUILD_RUSTRAD_FALSE='#'
IBUS_TABLE_BUILD_RUSTRAD_TRUE=''
IBUS_TABLE_BUILD_THAI_FALSE='#'
IBUS_TABLE_BUILD_THAI_TRUE=''
IBUS_TABLE_BUILD_TRANSLITUA_FALSE='#'
IBUS_TABLE_BUILD_TRANSLITUA_TRUE=''
IBUS_TABLE_BUILD_TRANSLIT_FALSE='#'
IBUS_TABLE_BUILD_TRANSLIT_TRUE=''
IBUS_TABLE_BUILD_VIQR_FALSE='#'
IBUS_TABLE_BUILD_VIQR_TRUE=''
IBUS_TABLE_BUILD_YAWERTY_FALSE='#'
IBUS_TABLE_BUILD_YAWERTY_TRUE=''
IBUS_TABLE_CFLAGS=' '
IBUS_TABLE_CREATEDB='/usr/local/bin/ibus-table-createdb'
IBUS_TABLE_LIBS=' '
INSTALL_DATA='${INSTALL} -m 644'
INSTALL_PROGRAM='${INSTALL}'
INSTALL_SCRIPT='${INSTALL}'
INSTALL_STRIP_PROGRAM='$(install_sh) -c -s'
LIBOBJS=''
LIBS=''
LTLIBOBJS=''
MAINT=''
MAINTAINER_MODE_FALSE='#'
MAINTAINER_MODE_TRUE=''
MAKEINFO='${SHELL} /home/nkumar/pkgfrmgit/ibus-table-others/missing --run makeinfo'
MKDIR_P='/bin/mkdir -p'
PACKAGE='ibus-table-others'
PACKAGE_BUGREPORT='http://code.google.com/p/ibus/issues/entry'
PACKAGE_NAME='ibus-table-others'
PACKAGE_STRING='ibus-table-others 1.3.0.20100907'
PACKAGE_TARNAME='ibus-table-others'
PACKAGE_URL=''
PACKAGE_VERSION='1.3.0.20100907'
PATH_SEPARATOR=':'
PKG_CONFIG='/usr/bin/pkg-config'
PYTHON='/usr/bin/python'
PYTHON_EXEC_PREFIX='${exec_prefix}'
PYTHON_PLATFORM='linux2'
PYTHON_PREFIX='${prefix}'
PYTHON_VERSION='2.6'
SET_MAKE=''
SHELL='/bin/sh'
STRIP=''
VERSION='1.3.0.20100907'
am__isrc=''
am__leading_dot='.'
am__tar='${AMTAR} chof - "$$tardir"'
am__untar='${AMTAR} xf -'
bindir='${exec_prefix}/bin'
build_alias=''
datadir='${datarootdir}'
datarootdir='${prefix}/share'
docdir='${datarootdir}/doc/${PACKAGE_TARNAME}'
dvidir='${docdir}'
exec_prefix='${prefix}'
host_alias=''
htmldir='${docdir}'
includedir='${prefix}/include'
infodir='${datarootdir}/info'
install_sh='${SHELL} /home/nkumar/pkgfrmgit/ibus-table-others/install-sh'
libdir='${exec_prefix}/lib'
libexecdir='${exec_prefix}/libexec'
localedir='${datarootdir}/locale'
localstatedir='${prefix}/var'
mandir='${datarootdir}/man'
mkdir_p='/bin/mkdir -p'
oldincludedir='/usr/include'
pdfdir='${docdir}'
pkgpyexecdir='${pyexecdir}/ibus-table-others'
pkgpythondir='${pythondir}/ibus-table-others'
prefix='/usr/local'
program_transform_name='s,x,x,'
psdir='${docdir}'
pyexecdir='${exec_prefix}/lib64/python2.6/site-packages'
pythondir='${prefix}/lib/python2.6/site-packages'
sbindir='${exec_prefix}/sbin'
sharedstatedir='${prefix}/com'
sysconfdir='${prefix}/etc'
target_alias=''

## ----------- ##
## confdefs.h. ##
## ----------- ##

/* confdefs.h */
#define PACKAGE_NAME "ibus-table-others"
#define PACKAGE_TARNAME "ibus-table-others"
#define PACKAGE_VERSION "1.3.0.20100907"
#define PACKAGE_STRING "ibus-table-others 1.3.0.20100907"
#define PACKAGE_BUGREPORT "http://code.google.com/p/ibus/issues/entry"
#define PACKAGE_URL ""
#define PACKAGE "ibus-table-others"
#define VERSION "1.3.0.20100907"

configure: exit 0
